build/intermediates/manifest_merge_blame_file/debug/manifest-merger-blame-debug-report.txt
1<?xml version="1.0" encoding="utf-8"?>
2<manifest xmlns:android="http://schemas.android.com/apk/res/android"
3    package="game.div.superpeste"
4    android:versionCode="1"
5    android:versionName="1.0" >
6
7    <uses-sdk
8        android:minSdkVersion="16"
8-->src\main\AndroidManifest.xml
9        android:targetSdkVersion="30" />
9-->src\main\AndroidManifest.xml
10
11    <uses-feature
11-->src\main\AndroidManifest.xml:7:5-85
12        android:name="android.hardware.nfc.hce"
12-->src\main\AndroidManifest.xml:7:19-58
13        android:required="true" />
13-->src\main\AndroidManifest.xml:7:59-82
14
15    <uses-permission android:name="android.permission.NFC" />
15-->src\main\AndroidManifest.xml:8:5-62
15-->src\main\AndroidManifest.xml:8:22-59
16    <uses-permission android:name="android.permission.WAKE_LOCK" />
16-->src\main\AndroidManifest.xml:9:5-68
16-->src\main\AndroidManifest.xml:9:22-65
17    <uses-permission android:name="android.permission.VIBRATE" />
17-->src\main\AndroidManifest.xml:10:5-66
17-->src\main\AndroidManifest.xml:10:22-63
18    <uses-permission android:name="android.permission.INTERNET" />
18-->src\main\AndroidManifest.xml:11:5-67
18-->src\main\AndroidManifest.xml:11:22-64
19    <uses-permission android:name="android.permission.ACCESS_NETWORK_STATE" />
19-->[com.google.android.gms:play-services-ads-lite:12.0.1] AndroidManifest.xml:24:5-79
19-->[com.google.android.gms:play-services-ads-lite:12.0.1] AndroidManifest.xml:24:22-76
20
21    <application
21-->src\main\AndroidManifest.xml:15:5-126:19
22        android:name="com.facebook.android.friendsmash.FriendSmashApplication"
22-->src\main\AndroidManifest.xml:20:9-79
23        android:allowBackup="true"
23-->src\main\AndroidManifest.xml:16:9-35
24        android:appComponentFactory="androidx.core.app.CoreComponentFactory"
24-->[androidx.core:core:1.0.0] AndroidManifest.xml:22:18-86
25        android:debuggable="true"
26        android:icon="@drawable/ic_launcher"
26-->src\main\AndroidManifest.xml:17:9-45
27        android:label="@string/app_name"
27-->src\main\AndroidManifest.xml:18:9-41
28        android:testOnly="true"
29        android:theme="@style/AppTheme" >
29-->src\main\AndroidManifest.xml:19:9-40
30        <activity
30-->src\main\AndroidManifest.xml:24:8-32:20
31            android:name="game.div.cookiecounter.MainActivity"
31-->src\main\AndroidManifest.xml:25:13-63
32            android:label="@string/app_name" >
32-->src\main\AndroidManifest.xml:26:13-45
33            <intent-filter>
33-->src\main\AndroidManifest.xml:27:13-31:29
34                <action android:name="android.intent.action.MAIN" />
34-->src\main\AndroidManifest.xml:28:17-69
34-->src\main\AndroidManifest.xml:28:25-66
35
36                <category android:name="android.intent.category.DEFAULT" />
36-->src\main\AndroidManifest.xml:30:17-76
36-->src\main\AndroidManifest.xml:30:27-73
37            </intent-filter>
38        </activity>
39        <!--
40        <activity
41            android:name="game.div.cookiecounter.LoginActivity"
42            android:label="@string/app_name" >
43            <intent-filter>
44                <action android:name="android.intent.action.MAIN" />
45				
46                <category android:name="android.intent.category.DEFAULT" />
47            </intent-filter>
48        </activity>
49        -->
50        <activity
50-->src\main\AndroidManifest.xml:42:9-51:20
51            android:name="game.div.cookiecounter.GameActivity"
51-->src\main\AndroidManifest.xml:43:13-63
52            android:configChanges="keyboard|keyboardHidden|orientation"
52-->src\main\AndroidManifest.xml:44:13-72
53            android:label="@string/app_name"
53-->src\main\AndroidManifest.xml:45:13-45
54            android:screenOrientation="portrait" >
54-->src\main\AndroidManifest.xml:46:13-49
55            <intent-filter>
55-->src\main\AndroidManifest.xml:47:13-50:29
56                <action android:name="android.intent.action.MAIN" />
56-->src\main\AndroidManifest.xml:28:17-69
56-->src\main\AndroidManifest.xml:28:25-66
57
58                <category android:name="android.intent.category.LAUNCHER" />
58-->src\main\AndroidManifest.xml:49:18-78
58-->src\main\AndroidManifest.xml:49:28-75
59            </intent-filter>
60        </activity>
61        <!--
62  <activity android:name="com.facebook.FacebookActivity"
63    android:configChanges=
64        "keyboard|keyboardHidden|screenLayout|screenSize|orientation"
65    android:theme="@android:style/Theme.Translucent.NoTitleBar"
66    android:label="@string/app_name" />
67
68
69  <provider android:authorities="com.facebook.app.FacebookContentProvider1534336870138799"
70          android:name="com.facebook.FacebookContentProvider"
71          android:exported="true"/>      
72                <activity
73            android:name="game.div.cookiecounter.DonationsActivity"
74            android:label="Donations">
75            <intent-filter>
76                <action android:name="android.intent.action.MAIN" />
77
78                <category android:name="android.intent.category.LAUNCHER" />
79            </intent-filter>
80        </activity>
81        -->
82        <activity
82-->src\main\AndroidManifest.xml:71:9-79:20
83            android:name="game.div.cookiecounter.Pp"
83-->src\main\AndroidManifest.xml:72:13-53
84            android:label="@string/app_name" >
84-->src\main\AndroidManifest.xml:73:13-45
85            <intent-filter>
85-->src\main\AndroidManifest.xml:27:13-31:29
86                <action android:name="android.intent.action.MAIN" />
86-->src\main\AndroidManifest.xml:28:17-69
86-->src\main\AndroidManifest.xml:28:25-66
87
88                <category android:name="android.intent.category.DEFAULT" />
88-->src\main\AndroidManifest.xml:30:17-76
88-->src\main\AndroidManifest.xml:30:27-73
89            </intent-filter>
90        </activity>
91        <activity
91-->src\main\AndroidManifest.xml:80:9-88:20
92            android:name="game.div.cookiecounter.TouchDragExample"
92-->src\main\AndroidManifest.xml:81:13-67
93            android:label="@string/app_name" >
93-->src\main\AndroidManifest.xml:82:13-45
94            <intent-filter>
94-->src\main\AndroidManifest.xml:27:13-31:29
95                <action android:name="android.intent.action.MAIN" />
95-->src\main\AndroidManifest.xml:28:17-69
95-->src\main\AndroidManifest.xml:28:25-66
96
97                <category android:name="android.intent.category.DEFAULT" />
97-->src\main\AndroidManifest.xml:30:17-76
97-->src\main\AndroidManifest.xml:30:27-73
98            </intent-filter>
99        </activity>
100        <activity
100-->src\main\AndroidManifest.xml:89:10-101:20
101            android:name="game.div.cookiecounter.ShopList"
101-->src\main\AndroidManifest.xml:90:13-59
102            android:label="@string/app_name"
102-->src\main\AndroidManifest.xml:91:13-45
103            android:theme="@style/Theme.AppCompat.Light" >
103-->src\main\AndroidManifest.xml:92:13-57
104            <meta-data
104-->src\main\AndroidManifest.xml:93:13-95:67
105                android:name="android.support.PARENT_ACTIVITY"
105-->src\main\AndroidManifest.xml:94:13-59
106                android:value="game.div.cookiecounter.MainActivity" />
106-->src\main\AndroidManifest.xml:95:13-64
107
108            <intent-filter>
108-->src\main\AndroidManifest.xml:27:13-31:29
109                <action android:name="android.intent.action.MAIN" />
109-->src\main\AndroidManifest.xml:28:17-69
109-->src\main\AndroidManifest.xml:28:25-66
110
111                <category android:name="android.intent.category.DEFAULT" />
111-->src\main\AndroidManifest.xml:30:17-76
111-->src\main\AndroidManifest.xml:30:27-73
112            </intent-filter>
113        </activity>
114        <activity
114-->src\main\AndroidManifest.xml:104:9-116:20
115            android:name="game.div.cookiecounter.AndroidLauncher"
115-->src\main\AndroidManifest.xml:105:13-66
116            android:label="@string/app_name"
116-->src\main\AndroidManifest.xml:106:13-45
117            android:theme="@style/Theme.AppCompat.Light" >
117-->src\main\AndroidManifest.xml:107:13-57
118            <meta-data
118-->src\main\AndroidManifest.xml:93:13-95:67
119                android:name="android.support.PARENT_ACTIVITY"
119-->src\main\AndroidManifest.xml:94:13-59
120                android:value="game.div.cookiecounter.GameActivity" />
120-->src\main\AndroidManifest.xml:95:13-64
121
122            <intent-filter>
122-->src\main\AndroidManifest.xml:27:13-31:29
123                <action android:name="android.intent.action.MAIN" />
123-->src\main\AndroidManifest.xml:28:17-69
123-->src\main\AndroidManifest.xml:28:25-66
124
125                <category android:name="android.intent.category.DEFAULT" />
125-->src\main\AndroidManifest.xml:30:17-76
125-->src\main\AndroidManifest.xml:30:27-73
126            </intent-filter>
127        </activity>
128
129        <meta-data
129-->src\main\AndroidManifest.xml:119:9-120:46
130            android:name="com.google.android.gms.games.APP_ID"
130-->src\main\AndroidManifest.xml:119:20-70
131            android:value="@string/app_id" />
131-->src\main\AndroidManifest.xml:120:13-43
132        <meta-data
132-->src\main\AndroidManifest.xml:122:9-123:68
133            android:name="com.google.android.gms.version"
133-->src\main\AndroidManifest.xml:122:20-65
134            android:value="@integer/google_play_services_version" />
134-->src\main\AndroidManifest.xml:123:13-66
135        <meta-data
135-->src\main\AndroidManifest.xml:125:9-107
136            android:name="com.facebook.sdk.ApplicationId"
136-->src\main\AndroidManifest.xml:125:60-105
137            android:value="@string/facebook_app_id" />
137-->src\main\AndroidManifest.xml:125:20-59
138
139        <activity
139-->[com.google.android.gms:play-services-auth:12.0.1] AndroidManifest.xml:23:9-27:75
140            android:name="com.google.android.gms.auth.api.signin.internal.SignInHubActivity"
140-->[com.google.android.gms:play-services-auth:12.0.1] AndroidManifest.xml:24:13-93
141            android:excludeFromRecents="true"
141-->[com.google.android.gms:play-services-auth:12.0.1] AndroidManifest.xml:25:13-46
142            android:exported="false"
142-->[com.google.android.gms:play-services-auth:12.0.1] AndroidManifest.xml:26:13-37
143            android:theme="@android:style/Theme.Translucent.NoTitleBar" />
143-->[com.google.android.gms:play-services-auth:12.0.1] AndroidManifest.xml:27:13-72
144        <!--
145            Service handling Google Sign-In user revocation. For apps that do not integrate with
146            Google Sign-In, this service will never be started.
147        -->
148        <service
148-->[com.google.android.gms:play-services-auth:12.0.1] AndroidManifest.xml:33:9-36:110
149            android:name="com.google.android.gms.auth.api.signin.RevocationBoundService"
149-->[com.google.android.gms:play-services-auth:12.0.1] AndroidManifest.xml:34:13-89
150            android:exported="true"
150-->[com.google.android.gms:play-services-auth:12.0.1] AndroidManifest.xml:35:13-36
151            android:permission="com.google.android.gms.auth.api.signin.permission.REVOCATION_NOTIFICATION" />
151-->[com.google.android.gms:play-services-auth:12.0.1] AndroidManifest.xml:36:13-107
152
153        <activity
153-->[com.google.android.gms:play-services-base:12.0.1] AndroidManifest.xml:23:9-26:75
154            android:name="com.google.android.gms.common.api.GoogleApiActivity"
154-->[com.google.android.gms:play-services-base:12.0.1] AndroidManifest.xml:24:13-79
155            android:exported="false"
155-->[com.google.android.gms:play-services-base:12.0.1] AndroidManifest.xml:25:13-37
156            android:theme="@android:style/Theme.Translucent.NoTitleBar" /> <!-- Include the AdActivity and InAppPurchaseActivity configChanges and themes. -->
156-->[com.google.android.gms:play-services-base:12.0.1] AndroidManifest.xml:26:13-72
157        <activity
157-->[com.google.android.gms:play-services-ads-lite:12.0.1] AndroidManifest.xml:29:9-33:64
158            android:name="com.google.android.gms.ads.AdActivity"
158-->[com.google.android.gms:play-services-ads-lite:12.0.1] AndroidManifest.xml:30:13-65
159            android:configChanges="keyboard|keyboardHidden|orientation|screenLayout|uiMode|screenSize|smallestScreenSize"
159-->[com.google.android.gms:play-services-ads-lite:12.0.1] AndroidManifest.xml:31:13-122
160            android:exported="false"
160-->[com.google.android.gms:play-services-ads-lite:12.0.1] AndroidManifest.xml:32:13-37
161            android:theme="@android:style/Theme.Translucent" />
161-->[com.google.android.gms:play-services-ads-lite:12.0.1] AndroidManifest.xml:33:13-61
162    </application>
163
164</manifest>